  [1m[36m (1.7ms)[0m  [1mCREATE TABLE "schema_migrations" ("version" varchar(255) NOT NULL) [0m
  [1m[35m (0.1ms)[0m  select sqlite_version(*)
  [1m[36m (0.8ms)[0m  [1mCREATE UNIQUE INDEX "unique_schema_migrations" ON "schema_migrations" ("version")[0m
  [1m[35mActiveRecord::SchemaMigration Load (0.1ms)[0m  SELECT "schema_migrations".* FROM "schema_migrations"
Migrating to CreateContacts (20140605000724)
  [1m[36m (0.0ms)[0m  [1mbegin transaction[0m
  [1m[35m (0.2ms)[0m  CREATE TABLE "contacts" ("id" INTEGER PRIMARY KEY AUTOINCREMENT NOT NULL, "firstname" varchar(255), "lastname" varchar(255), "email" varchar(255), "created_at" datetime, "updated_at" datetime) 
  [1m[36mSQL (0.1ms)[0m  [1mINSERT INTO "schema_migrations" ("version") VALUES (?)[0m  [["version", "20140605000724"]]
  [1m[35m (0.8ms)[0m  commit transaction
Migrating to CreatePhones (20140605002008)
  [1m[36m (0.1ms)[0m  [1mbegin transaction[0m
  [1m[35m (0.3ms)[0m  CREATE TABLE "phones" ("id" INTEGER PRIMARY KEY AUTOINCREMENT NOT NULL, "contact_id" integer, "phone" varchar(255), "phone_type" varchar(255), "created_at" datetime, "updated_at" datetime) 
  [1m[36m (0.1ms)[0m  [1mCREATE  INDEX "index_phones_on_contact_id" ON "phones" ("contact_id")[0m
  [1m[35mSQL (0.1ms)[0m  INSERT INTO "schema_migrations" ("version") VALUES (?)  [["version", "20140605002008"]]
  [1m[36m (0.8ms)[0m  [1mcommit transaction[0m
Migrating to CreateUsers (20140606035847)
  [1m[35m (0.1ms)[0m  begin transaction
  [1m[36m (0.3ms)[0m  [1mCREATE TABLE "users" ("id" INTEGER PRIMARY KEY AUTOINCREMENT NOT NULL, "email" varchar(255), "password_digest" varchar(255), "created_at" datetime, "updated_at" datetime) [0m
  [1m[35mSQL (0.1ms)[0m  INSERT INTO "schema_migrations" ("version") VALUES (?)  [["version", "20140606035847"]]
  [1m[36m (0.7ms)[0m  [1mcommit transaction[0m
Migrating to AddAdminToUser (20140606043459)
  [1m[35m (0.1ms)[0m  begin transaction
  [1m[36m (0.3ms)[0m  [1mALTER TABLE "users" ADD "admin" boolean[0m
  [1m[35mSQL (0.1ms)[0m  INSERT INTO "schema_migrations" ("version") VALUES (?)  [["version", "20140606043459"]]
  [1m[36m (0.7ms)[0m  [1mcommit transaction[0m
  [1m[35mActiveRecord::SchemaMigration Load (0.1ms)[0m  SELECT "schema_migrations".* FROM "schema_migrations"
  [1m[36m (0.1ms)[0m  [1m            SELECT sql
            FROM sqlite_master
            WHERE name='index_phones_on_contact_id' AND type='index'
            UNION ALL
            SELECT sql
            FROM sqlite_temp_master
            WHERE name='index_phones_on_contact_id' AND type='index'
[0m
  [1m[36mActiveRecord::SchemaMigration Load (0.1ms)[0m  [1mSELECT "schema_migrations".* FROM "schema_migrations"[0m
  [1m[35mActiveRecord::SchemaMigration Load (0.1ms)[0m  SELECT "schema_migrations".* FROM "schema_migrations"
  [1m[36m (0.1ms)[0m  [1m            SELECT sql
            FROM sqlite_master
            WHERE name='index_phones_on_contact_id' AND type='index'
            UNION ALL
            SELECT sql
            FROM sqlite_temp_master
            WHERE name='index_phones_on_contact_id' AND type='index'
[0m


Started GET "/" for 127.0.0.1 at 2014-11-21 22:04:59 -0800
  [1m[36mActiveRecord::SchemaMigration Load (0.1ms)[0m  [1mSELECT "schema_migrations".* FROM "schema_migrations"[0m
Processing by ContactsController#index as HTML
  [1m[35m (0.1ms)[0m  SELECT COUNT(*) FROM "contacts"
  Rendered contacts/index.html.erb within layouts/application (4.2ms)
Completed 200 OK in 2040ms (Views: 2026.9ms | ActiveRecord: 0.7ms)


Started GET "/assets/application.css?body=1" for 127.0.0.1 at 2014-11-21 22:05:01 -0800


Started GET "/assets/jquery.js?body=1" for 127.0.0.1 at 2014-11-21 22:05:01 -0800


Started GET "/assets/turbolinks.js?body=1" for 127.0.0.1 at 2014-11-21 22:05:01 -0800


Started GET "/assets/jquery_ujs.js?body=1" for 127.0.0.1 at 2014-11-21 22:05:01 -0800


Started GET "/assets/bootstrap/affix.js?body=1" for 127.0.0.1 at 2014-11-21 22:05:01 -0800


Started GET "/assets/bootstrap/alert.js?body=1" for 127.0.0.1 at 2014-11-21 22:05:01 -0800


Started GET "/assets/bootstrap/button.js?body=1" for 127.0.0.1 at 2014-11-21 22:05:01 -0800


Started GET "/assets/bootstrap/carousel.js?body=1" for 127.0.0.1 at 2014-11-21 22:05:01 -0800


Started GET "/assets/bootstrap/collapse.js?body=1" for 127.0.0.1 at 2014-11-21 22:05:01 -0800


Started GET "/assets/bootstrap/dropdown.js?body=1" for 127.0.0.1 at 2014-11-21 22:05:01 -0800


Started GET "/assets/bootstrap/tab.js?body=1" for 127.0.0.1 at 2014-11-21 22:05:01 -0800


Started GET "/assets/bootstrap/transition.js?body=1" for 127.0.0.1 at 2014-11-21 22:05:01 -0800


Started GET "/assets/bootstrap/scrollspy.js?body=1" for 127.0.0.1 at 2014-11-21 22:05:01 -0800


Started GET "/assets/bootstrap/modal.js?body=1" for 127.0.0.1 at 2014-11-21 22:05:01 -0800


Started GET "/assets/bootstrap/tooltip.js?body=1" for 127.0.0.1 at 2014-11-21 22:05:01 -0800


Started GET "/assets/bootstrap/popover.js?body=1" for 127.0.0.1 at 2014-11-21 22:05:01 -0800


Started GET "/assets/bootstrap.js?body=1" for 127.0.0.1 at 2014-11-21 22:05:01 -0800


Started GET "/assets/contacts.js?body=1" for 127.0.0.1 at 2014-11-21 22:05:01 -0800


Started GET "/assets/sessions.js?body=1" for 127.0.0.1 at 2014-11-21 22:05:01 -0800


Started GET "/assets/users.js?body=1" for 127.0.0.1 at 2014-11-21 22:05:01 -0800


Started GET "/assets/application.js?body=1" for 127.0.0.1 at 2014-11-21 22:05:01 -0800


Started GET "/" for 127.0.0.1 at 2014-11-21 22:05:05 -0800
Processing by ContactsController#index as HTML
  [1m[36m (0.1ms)[0m  [1mSELECT COUNT(*) FROM "contacts"[0m
  Rendered contacts/index.html.erb within layouts/application (1.5ms)
Completed 200 OK in 17ms (Views: 15.6ms | ActiveRecord: 0.1ms)


Started GET "/contacts?letter=A" for 127.0.0.1 at 2014-11-21 22:05:10 -0800
Processing by ContactsController#index as HTML
  Parameters: {"letter"=>"A"}
  [1m[35m (0.1ms)[0m  SELECT COUNT(*) FROM "contacts"  WHERE (lastname LIKE 'A%')
  Rendered contacts/index.html.erb within layouts/application (0.6ms)
Completed 200 OK in 14ms (Views: 13.1ms | ActiveRecord: 0.1ms)


Started GET "/contacts?letter=B" for 127.0.0.1 at 2014-11-21 22:05:10 -0800
Processing by ContactsController#index as HTML
  Parameters: {"letter"=>"B"}
  [1m[36m (0.1ms)[0m  [1mSELECT COUNT(*) FROM "contacts"  WHERE (lastname LIKE 'B%')[0m
  Rendered contacts/index.html.erb within layouts/application (0.5ms)
Completed 200 OK in 13ms (Views: 11.9ms | ActiveRecord: 0.1ms)


Started GET "/contacts?letter=C" for 127.0.0.1 at 2014-11-21 22:05:11 -0800
Processing by ContactsController#index as HTML
  Parameters: {"letter"=>"C"}
  [1m[35m (0.2ms)[0m  SELECT COUNT(*) FROM "contacts"  WHERE (lastname LIKE 'C%')
  Rendered contacts/index.html.erb within layouts/application (0.7ms)
Completed 200 OK in 12ms (Views: 11.2ms | ActiveRecord: 0.2ms)


Started GET "/contacts?letter=F" for 127.0.0.1 at 2014-11-21 22:05:11 -0800
Processing by ContactsController#index as HTML
  Parameters: {"letter"=>"F"}
  [1m[36m (0.1ms)[0m  [1mSELECT COUNT(*) FROM "contacts"  WHERE (lastname LIKE 'F%')[0m
  Rendered contacts/index.html.erb within layouts/application (0.5ms)
Completed 200 OK in 13ms (Views: 11.4ms | ActiveRecord: 0.1ms)
